<?xml version="1.0" encoding="UTF-8"?>
<!-- Generated by org.testng.reporters.JUnitReportReporter -->
<testsuite hostname="SV-LT-1373.T-mobile.com" name="com.saucedemo.test.LoginAndAddToCartTest" tests="1" failures="0" timestamp="4 Apr 2019 07:39:24 GMT" time="10.975" errors="0">
  <testcase name="verifyAddToCart" time="10.975" classname="com.saucedemo.test.LoginAndAddToCartTest"/>
</testsuite> <!-- com.saucedemo.test.LoginAndAddToCartTest -->
