<?xml version="1.0" encoding="UTF-8"?>
<!-- Generated by org.testng.reporters.JUnitReportReporter -->
<testsuite hostname="SV-LT-1373.T-mobile.com" name="com.saucedemo.test.TestLoginPageTests" tests="1" failures="0" timestamp="4 Apr 2019 07:08:43 GMT" time="4.878" errors="0">
  <testcase name="verifyLogin" time="4.878" classname="com.saucedemo.test.TestLoginPageTests"/>
</testsuite> <!-- com.saucedemo.test.TestLoginPageTests -->
